# JRE version: Java(TM) SE Runtime Environment (7.0_51-b13) (build 1.7.0_51-b13)
# Java VM: Java HotSpot(TM) 64-Bit Server VM (24.51-b03 mixed mode windows-amd64 compressed oops)
Heap
 PSYoungGen      total 211968K, used 20154K [0x00000000ead00000, 0x00000000fef80000, 0x0000000100000000)
  eden space 96256K, 20% used [0x00000000ead00000,0x00000000ec0ae970,0x00000000f0b00000)
  from space 115712K, 0% used [0x00000000f7c00000,0x00000000f7c00000,0x00000000fed00000)
  to   space 115712K, 0% used [0x00000000f0b00000,0x00000000f0b00000,0x00000000f7c00000)
 ParOldGen       total 693248K, used 665321K [0x00000000c0800000, 0x00000000ead00000, 0x00000000ead00000)
  object space 693248K, 95% used [0x00000000c0800000,0x00000000e91ba4a0,0x00000000ead00000)
 PSPermGen       total 21504K, used 3079K [0x00000000bb600000, 0x00000000bcb00000, 0x00000000c0800000)
  object space 21504K, 14% used [0x00000000bb600000,0x00000000bb901ce0,0x00000000bcb00000)
GC Heap History (10 events):
Event: 18.123 GC heap before
{Heap before GC invocations=25 (full 10):
 PSYoungGen      total 183296K, used 67584K [0x00000000ead00000, 0x00000000fed00000, 0x0000000100000000)
  eden space 67584K, 100% used [0x00000000ead00000,0x00000000eef00000,0x00000000eef00000)
  from space 115712K, 0% used [0x00000000eef00000,0x00000000eef00000,0x00000000f6000000)
  to   space 115712K, 0% used [0x00000000f7c00000,0x00000000f7c00000,0x00000000fed00000)
 ParOldGen       total 596992K, used 596562K [0x00000000c0800000, 0x00000000e4f00000, 0x00000000ead00000)
  object space 596992K, 99% used [0x00000000c0800000,0x00000000e4e94960,0x00000000e4f00000)
 PSPermGen       total 21504K, used 3077K [0x00000000bb600000, 0x00000000bcb00000, 0x00000000c0800000)
  object space 21504K, 14% used [0x00000000bb600000,0x00000000bb901598,0x00000000bcb00000)
Event: 20.578 GC heap after
Heap after GC invocations=25 (full 10):
 PSYoungGen      total 183296K, used 67579K [0x00000000ead00000, 0x00000000fed00000, 0x0000000100000000)
  eden space 67584K, 99% used [0x00000000ead00000,0x00000000eeefef40,0x00000000eef00000)
  from space 115712K, 0% used [0x00000000eef00000,0x00000000eef00000,0x00000000f6000000)
  to   space 115712K, 0% used [0x00000000f7c00000,0x00000000f7c00000,0x00000000fed00000)
 ParOldGen       total 596992K, used 596562K [0x00000000c0800000, 0x00000000e4f00000, 0x00000000ead00000)
  object space 596992K, 99% used [0x00000000c0800000,0x00000000e4e94960,0x00000000e4f00000)
 PSPermGen       total 21504K, used 3077K [0x00000000bb600000, 0x00000000bcb00000, 0x00000000c0800000)
  object space 21504K, 14% used [0x00000000bb600000,0x00000000bb901598,0x00000000bcb00000)
}
Event: 20.578 GC heap before
{Heap before GC invocations=26 (full 11):
 PSYoungGen      total 183296K, used 67579K [0x00000000ead00000, 0x00000000fed00000, 0x0000000100000000)
  eden space 67584K, 99% used [0x00000000ead00000,0x00000000eeefef40,0x00000000eef00000)
  from space 115712K, 0% used [0x00000000eef00000,0x00000000eef00000,0x00000000f6000000)
  to   space 115712K, 0% used [0x00000000f7c00000,0x00000000f7c00000,0x00000000fed00000)
 ParOldGen       total 596992K, used 596955K [0x00000000c0800000, 0x00000000e4f00000, 0x00000000ead00000)
  object space 596992K, 99% used [0x00000000c0800000,0x00000000e4ef6d60,0x00000000e4f00000)
 PSPermGen       total 21504K, used 3077K [0x00000000bb600000, 0x00000000bcb00000, 0x00000000c0800000)
  object space 21504K, 14% used [0x00000000bb600000,0x00000000bb901598,0x00000000bcb00000)
Event: 22.775 GC heap after
Heap after GC invocations=26 (full 11):
 PSYoungGen      total 183296K, used 67579K [0x00000000ead00000, 0x00000000fed00000, 0x0000000100000000)
  eden space 67584K, 99% used [0x00000000ead00000,0x00000000eeefef40,0x00000000eef00000)
  from space 115712K, 0% used [0x00000000eef00000,0x00000000eef00000,0x00000000f6000000)
  to   space 115712K, 0% used [0x00000000f7c00000,0x00000000f7c00000,0x00000000fed00000)
 ParOldGen       total 596992K, used 596955K [0x00000000c0800000, 0x00000000e4f00000, 0x00000000ead00000)
  object space 596992K, 99% used [0x00000000c0800000,0x00000000e4ef6d60,0x00000000e4f00000)
 PSPermGen       total 21504K, used 3077K [0x00000000bb600000, 0x00000000bcb00000, 0x00000000c0800000)
  object space 21504K, 14% used [0x00000000bb600000,0x00000000bb901598,0x00000000bcb00000)
}
Event: 22.775 GC heap before
{Heap before GC invocations=27 (full 12):
 PSYoungGen      total 183296K, used 67579K [0x00000000ead00000, 0x00000000fed00000, 0x0000000100000000)
  eden space 67584K, 99% used [0x00000000ead00000,0x00000000eeefef40,0x00000000eef00000)
  from space 115712K, 0% used [0x00000000eef00000,0x00000000eef00000,0x00000000f6000000)
  to   space 115712K, 0% used [0x00000000f7c00000,0x00000000f7c00000,0x00000000fed00000)
 ParOldGen       total 597504K, used 597348K [0x00000000c0800000, 0x00000000e4f80000, 0x00000000ead00000)
  object space 597504K, 99% used [0x00000000c0800000,0x00000000e4f59160,0x00000000e4f80000)
 PSPermGen       total 21504K, used 3077K [0x00000000bb600000, 0x00000000bcb00000, 0x00000000c0800000)
  object space 21504K, 14% used [0x00000000bb600000,0x00000000bb901598,0x00000000bcb00000)
Event: 23.001 GC heap after
Heap after GC invocations=27 (full 12):
 PSYoungGen      total 183296K, used 67579K [0x00000000ead00000, 0x00000000fed00000, 0x0000000100000000)
  eden space 67584K, 99% used [0x00000000ead00000,0x00000000eeefef40,0x00000000eef00000)
  from space 115712K, 0% used [0x00000000eef00000,0x00000000eef00000,0x00000000f6000000)
  to   space 115712K, 0% used [0x00000000f7c00000,0x00000000f7c00000,0x00000000fed00000)
 ParOldGen       total 693248K, used 597348K [0x00000000c0800000, 0x00000000ead00000, 0x00000000ead00000)
  object space 693248K, 86% used [0x00000000c0800000,0x00000000e4f59160,0x00000000ead00000)
 PSPermGen       total 21504K, used 3077K [0x00000000bb600000, 0x00000000bcb00000, 0x00000000c0800000)
  object space 21504K, 14% used [0x00000000bb600000,0x00000000bb901598,0x00000000bcb00000)
}
Event: 23.001 GC heap before
{Heap before GC invocations=28 (full 12):
 PSYoungGen      total 183296K, used 67579K [0x00000000ead00000, 0x00000000fed00000, 0x0000000100000000)
  eden space 67584K, 99% used [0x00000000ead00000,0x00000000eeefef40,0x00000000eef00000)
  from space 115712K, 0% used [0x00000000eef00000,0x00000000eef00000,0x00000000f6000000)
  to   space 115712K, 0% used [0x00000000f7c00000,0x00000000f7c00000,0x00000000fed00000)
 ParOldGen       total 693248K, used 597741K [0x00000000c0800000, 0x00000000ead00000, 0x00000000ead00000)
  object space 693248K, 86% used [0x00000000c0800000,0x00000000e4fbb560,0x00000000ead00000)
 PSPermGen       total 21504K, used 3077K [0x00000000bb600000, 0x00000000bcb00000, 0x00000000c0800000)
  object space 21504K, 14% used [0x00000000bb600000,0x00000000bb901598,0x00000000bcb00000)
Event: 23.083 GC heap after
Heap after GC invocations=28 (full 12):
 PSYoungGen      total 211968K, used 70471K [0x00000000ead00000, 0x00000000fef80000, 0x0000000100000000)
  eden space 96256K, 0% used [0x00000000ead00000,0x00000000ead00000,0x00000000f0b00000)
  from space 115712K, 60% used [0x00000000f7c00000,0x00000000fc0d1c50,0x00000000fed00000)
  to   space 115712K, 0% used [0x00000000f0b00000,0x00000000f0b00000,0x00000000f7c00000)
 ParOldGen       total 693248K, used 597741K [0x00000000c0800000, 0x00000000ead00000, 0x00000000ead00000)
  object space 693248K, 86% used [0x00000000c0800000,0x00000000e4fbb560,0x00000000ead00000)
 PSPermGen       total 21504K, used 3077K [0x00000000bb600000, 0x00000000bcb00000, 0x00000000c0800000)
  object space 21504K, 14% used [0x00000000bb600000,0x00000000bb901598,0x00000000bcb00000)
}
Event: 23.083 GC heap before
{Heap before GC invocations=29 (full 13):
 PSYoungGen      total 211968K, used 70471K [0x00000000ead00000, 0x00000000fef80000, 0x0000000100000000)
  eden space 96256K, 0% used [0x00000000ead00000,0x00000000ead00000,0x00000000f0b00000)
  from space 115712K, 60% used [0x00000000f7c00000,0x00000000fc0d1c50,0x00000000fed00000)
  to   space 115712K, 0% used [0x00000000f0b00000,0x00000000f0b00000,0x00000000f7c00000)
 ParOldGen       total 693248K, used 597741K [0x00000000c0800000, 0x00000000ead00000, 0x00000000ead00000)
  object space 693248K, 86% used [0x00000000c0800000,0x00000000e4fbb560,0x00000000ead00000)
 PSPermGen       total 21504K, used 3077K [0x00000000bb600000, 0x00000000bcb00000, 0x00000000c0800000)
  object space 21504K, 14% used [0x00000000bb600000,0x00000000bb901598,0x00000000bcb00000)
Event: 23.308 GC heap after
Heap after GC invocations=29 (full 13):
 PSYoungGen      total 211968K, used 0K [0x00000000ead00000, 0x00000000fef80000, 0x0000000100000000)
  eden space 96256K, 0% used [0x00000000ead00000,0x00000000ead00000,0x00000000f0b00000)
  from space 115712K, 0% used [0x00000000f7c00000,0x00000000f7c00000,0x00000000fed00000)
  to   space 115712K, 0% used [0x00000000f0b00000,0x00000000f0b00000,0x00000000f7c00000)
 ParOldGen       total 693248K, used 665321K [0x00000000c0800000, 0x00000000ead00000, 0x00000000ead00000)
  object space 693248K, 95% used [0x00000000c0800000,0x00000000e91ba4a0,0x00000000ead00000)
 PSPermGen       total 21504K, used 3077K [0x00000000bb600000, 0x00000000bcb00000, 0x00000000c0800000)
  object space 21504K, 14% used [0x00000000bb600000,0x00000000bb901598,0x00000000bcb00000)
}

